[debug] [2025-04-27T11:05:42.376Z] ----------------------------------------------------------------------
[debug] [2025-04-27T11:05:42.379Z] Command:       C:\Program Files\nodejs\node.exe C:\Users\tarun\AppData\Roaming\npm\node_modules\firebase-tools\lib\bin\firebase.js init
[debug] [2025-04-27T11:05:42.379Z] CLI Version:   14.2.1
[debug] [2025-04-27T11:05:42.379Z] Platform:      win32
[debug] [2025-04-27T11:05:42.379Z] Node Version:  v22.14.0
[debug] [2025-04-27T11:05:42.380Z] Time:          Sun Apr 27 2025 16:35:42 GMT+0530 (India Standard Time)
[debug] [2025-04-27T11:05:42.380Z] ----------------------------------------------------------------------
[debug] 
[debug] [2025-04-27T11:05:42.610Z] > command requires scopes: ["email","openid","https://www.googleapis.com/auth/cloudplatformprojects.readonly","https://www.googleapis.com/auth/firebase","https://www.googleapis.com/auth/cloud-platform"]
[debug] [2025-04-27T11:05:42.611Z] > authorizing via signed-in user (climitsolutions@gmail.com)
[info] 
     ######## #### ########  ######## ########     ###     ######  ########
     ##        ##  ##     ## ##       ##     ##  ##   ##  ##       ##
     ######    ##  ########  ######   ########  #########  ######  ######
     ##        ##  ##    ##  ##       ##     ## ##     ##       ## ##
     ##       #### ##     ## ######## ########  ##     ##  ######  ########

You're about to initialize a Firebase project in this directory:

  C:\CLIM IT\hrm-main

Before we get started, keep in mind:

  * You are currently outside your home directory
  * You are initializing within an existing Firebase project directory

[info] 
=== Project Setup
[info] 
[info] First, let's associate this project directory with a Firebase project.
[info] You can create multiple project aliases by running firebase use --add, 
[info] but for now we'll just set up a default project.
[info] 
[debug] [2025-04-27T11:05:49.957Z] Using project from CLI flag: climithrm
[debug] [2025-04-27T11:05:49.961Z] Checked if tokens are valid: true, expires at: 1745754213020
[debug] [2025-04-27T11:05:49.961Z] Checked if tokens are valid: true, expires at: 1745754213020
[debug] [2025-04-27T11:05:49.964Z] >>> [apiv2][query] GET https://firebase.googleapis.com/v1beta1/projects/climithrm [none]
[debug] [2025-04-27T11:05:50.974Z] <<< [apiv2][status] GET https://firebase.googleapis.com/v1beta1/projects/climithrm 200
[debug] [2025-04-27T11:05:50.975Z] <<< [apiv2][body] GET https://firebase.googleapis.com/v1beta1/projects/climithrm {"projectId":"climithrm","projectNumber":"704935665662","displayName":"climithrm","name":"projects/climithrm","resources":{"hostingSite":"climithrm","realtimeDatabaseInstance":"climithrm-default-rtdb"},"state":"ACTIVE","etag":"1_3b24d406-7a74-48f2-864f-6ba86ac61ef0"}
[info] i  Using project climithrm (climithrm) 
[info] 
=== Hosting Setup
[debug] [2025-04-27T11:05:50.991Z] Checked if tokens are valid: true, expires at: 1745754213020
[debug] [2025-04-27T11:05:50.991Z] Checked if tokens are valid: true, expires at: 1745754213020
[debug] [2025-04-27T11:05:50.992Z] >>> [apiv2][query] GET https://firebase.googleapis.com/v1beta1/projects/climithrm [none]
[debug] [2025-04-27T11:05:51.471Z] <<< [apiv2][status] GET https://firebase.googleapis.com/v1beta1/projects/climithrm 200
[debug] [2025-04-27T11:05:51.471Z] <<< [apiv2][body] GET https://firebase.googleapis.com/v1beta1/projects/climithrm {"projectId":"climithrm","projectNumber":"704935665662","displayName":"climithrm","name":"projects/climithrm","resources":{"hostingSite":"climithrm","realtimeDatabaseInstance":"climithrm-default-rtdb"},"state":"ACTIVE","etag":"1_3b24d406-7a74-48f2-864f-6ba86ac61ef0"}
[info] 
[info] Your public directory is the folder (relative to your project directory) that
[info] will contain Hosting assets to be uploaded with firebase deploy. If you
[info] have a build process for your assets, use your build's output directory.
[info] 
[debug] [2025-04-27T11:06:31.523Z] >>> [apiv2][query] GET https://www.gstatic.com/firebasejs/releases.json [none]
[debug] [2025-04-27T11:06:31.967Z] <<< [apiv2][status] GET https://www.gstatic.com/firebasejs/releases.json 200
[debug] [2025-04-27T11:06:31.968Z] <<< [apiv2][body] GET https://www.gstatic.com/firebasejs/releases.json {"current":{"version":"11.6.1","browserURL":"https://www.gstatic.com/firebasejs/11.6.1/firebase.js","packageURL":"https://www.gstatic.com/firebasejs/11.6.1/firebase.tgz"},"live":{"version":"11.6","browserURL":"https://www.gstatic.com/firebasejs/live/11.6/firebase.js","packageURL":"https://www.gstatic.com/firebasejs/live/11.6/firebase.tgz"},"components":{"analytics":"https://www.gstatic.com/firebasejs/11.6.1/firebase-analytics.js","app":"https://www.gstatic.com/firebasejs/11.6.1/firebase-app.js","app-check":"https://www.gstatic.com/firebasejs/11.6.1/firebase-app-check.js","auth":"https://www.gstatic.com/firebasejs/11.6.1/firebase-auth.js","auth/cordova":"https://www.gstatic.com/firebasejs/11.6.1/firebase-auth/cordova.js","auth/web-extension":"https://www.gstatic.com/firebasejs/11.6.1/firebase-auth/web-extension.js","functions":"https://www.gstatic.com/firebasejs/11.6.1/firebase-functions.js","firestore":"https://www.gstatic.com/firebasejs/11.6.1/firebase-firestore.js","firestore/lite":"https://www.gstatic.com/firebasejs/11.6.1/firebase-firestore/lite.js","installations":"https://www.gstatic.com/firebasejs/11.6.1/firebase-installations.js","storage":"https://www.gstatic.com/firebasejs/11.6.1/firebase-storage.js","performance":"https://www.gstatic.com/firebasejs/11.6.1/firebase-performance.js","remote-config":"https://www.gstatic.com/firebasejs/11.6.1/firebase-remote-config.js","messaging":"https://www.gstatic.com/firebasejs/11.6.1/firebase-messaging.js","messaging/sw":"https://www.gstatic.com/firebasejs/11.6.1/firebase-messaging/sw.js","database":"https://www.gstatic.com/firebasejs/11.6.1/firebase-database.js","vertexai":"https://www.gstatic.com/firebasejs/11.6.1/firebase-vertexai.js","data-connect":"https://www.gstatic.com/firebasejs/11.6.1/firebase-data-connect.js","firestore.memory":"https://www.gstatic.com/firebasejs/11.6.1/firebase-firestore.memory.js"}}
[info] +  Wrote dist/hrm/browser/index.html 
[info] 
[info] i  Detected a .git folder at C:\CLIM IT\hrm-main 
[info] i  Authorizing with GitHub to upload your service account to a GitHub repository's secrets store. 
[info] 
[info] Visit this URL on this device to log in:
[info] https://github.com/login/oauth/authorize?client_id=89cf50f02ac6aaed3484&state=192755115&redirect_uri=http%3A%2F%2Flocalhost%3A9005&scope=read%3Auser%20repo%20public_repo
[info] 
[info] Waiting for authentication...
